<?xml version="1.0" encoding="UTF-8"?>
<!-- Generated by org.testng.reporters.JUnitReportReporter -->
<testsuite hostname="Mukeshs-MacBook-Air.local" failures="0" tests="1" name="com.ots.testcases.SeleniumGridTest" time="8.538" errors="0" timestamp="2024-07-25T08:06:41 IST" skipped="0">
  <testcase classname="com.ots.testcases.SeleniumGridTest" name="remoteTestOnEdge" time="8.538"/>
</testsuite> <!-- com.ots.testcases.SeleniumGridTest -->
