<?xml version="1.0" encoding="UTF-8"?>
<!-- Generated by org.testng.reporters.JUnitReportReporter -->
<testsuite hostname="HimaswethaPolavarapu" failures="0" tests="2" name="com.ots.testcases.LoginTest" time="12.540" errors="0" timestamp="2024-07-28T23:23:06 EDT" skipped="0">
  <testcase classname="com.ots.testcases.LoginTest" name="validLogin" time="7.216"/>
  <testcase classname="com.ots.testcases.LoginTest" name="verifyNewUserLink" time="5.324"/>
</testsuite> <!-- com.ots.testcases.LoginTest -->
