<?xml version="1.0" encoding="UTF-8"?>
<!-- Generated by org.testng.reporters.JUnitReportReporter -->
<testsuite hostname="HimaswethaPolavarapu" failures="0" tests="2" name="com.ots.testcases.LoginTest" time="16.673" errors="0" timestamp="2024-07-18T22:35:54 EDT" skipped="0">
  <testcase classname="com.ots.testcases.LoginTest" name="verifyNewUserLink" time="4.065"/>
  <testcase classname="com.ots.testcases.LoginTest" name="validLogin" time="12.608"/>
</testsuite> <!-- com.ots.testcases.LoginTest -->
