<?xml version="1.0" encoding="UTF-8"?>
<!-- Generated by org.testng.reporters.JUnitReportReporter -->
<testsuite hostname="Mukeshs-MacBook-Air.local" failures="0" tests="1" name="com.ots.testcases.Sample" time="0.001" errors="0" timestamp="2024-07-09T08:45:03 IST" skipped="0">
  <testcase classname="com.ots.testcases.Sample" name="test1" time="0.001"/>
</testsuite> <!-- com.ots.testcases.Sample -->
